<?xml version="1.0" encoding="UTF-8"?>
<coverage generated="1777029598273" clover="3.2.0">
  <project timestamp="1777029598273" name="All files">
    <metrics statements="96" coveredstatements="78" conditionals="110" coveredconditionals="82" methods="42" coveredmethods="32" elements="248" coveredelements="192" complexity="0" loc="96" ncloc="96" packages="4" files="10" classes="10"/>
    <package name="components.features">
      <metrics statements="37" coveredstatements="29" conditionals="41" coveredconditionals="24" methods="20" coveredmethods="16"/>
      <file name="PriceFilter.jsx" path="/Users/veronika/Documents/6сем/ИТиВП/TechStore/techstore-react/src/components/features/PriceFilter.jsx">
        <metrics statements="10" coveredstatements="10" conditionals="10" coveredconditionals="4" methods="5" coveredmethods="5"/>
        <line num="22" count="7" type="stmt"/>
        <line num="23" count="1" type="stmt"/>
        <line num="24" count="1" type="cond" truecount="1" falsecount="1"/>
        <line num="27" count="7" type="stmt"/>
        <line num="28" count="1" type="stmt"/>
        <line num="29" count="1" type="stmt"/>
        <line num="30" count="1" type="cond" truecount="1" falsecount="1"/>
        <line num="33" count="7" type="stmt"/>
        <line num="42" count="21" type="stmt"/>
        <line num="45" count="1" type="stmt"/>
      </file>
      <file name="ProductCard.jsx" path="/Users/veronika/Documents/6сем/ИТиВП/TechStore/techstore-react/src/components/features/ProductCard.jsx">
        <metrics statements="7" coveredstatements="7" conditionals="6" coveredconditionals="5" methods="3" coveredmethods="3"/>
        <line num="15" count="12" type="stmt"/>
        <line num="18" count="12" type="stmt"/>
        <line num="19" count="1" type="stmt"/>
        <line num="20" count="1" type="cond" truecount="1" falsecount="1"/>
        <line num="24" count="12" type="stmt"/>
        <line num="25" count="2" type="stmt"/>
        <line num="28" count="12" type="stmt"/>
      </file>
      <file name="ProductGrid.jsx" path="/Users/veronika/Documents/6сем/ИТиВП/TechStore/techstore-react/src/components/features/ProductGrid.jsx">
        <metrics statements="6" coveredstatements="6" conditionals="9" coveredconditionals="7" methods="3" coveredmethods="3"/>
        <line num="16" count="2" type="stmt"/>
        <line num="17" count="2" type="cond" truecount="1" falsecount="1"/>
        <line num="18" count="2" type="stmt"/>
        <line num="19" count="2" type="cond" truecount="2" falsecount="0"/>
        <line num="22" count="2" type="stmt"/>
        <line num="39" count="2" type="stmt"/>
      </file>
      <file name="ShoppingCart.jsx" path="/Users/veronika/Documents/6сем/ИТиВП/TechStore/techstore-react/src/components/features/ShoppingCart.jsx">
        <metrics statements="14" coveredstatements="6" conditionals="16" coveredconditionals="8" methods="9" coveredmethods="5"/>
        <line num="16" count="18" type="stmt"/>
        <line num="28" count="0" type="stmt"/>
        <line num="29" count="0" type="cond" truecount="0" falsecount="2"/>
        <line num="38" count="0" type="stmt"/>
        <line num="39" count="0" type="cond" truecount="0" falsecount="2"/>
        <line num="52" count="0" type="stmt"/>
        <line num="53" count="0" type="cond" truecount="0" falsecount="2"/>
        <line num="68" count="18" type="stmt"/>
        <line num="71" count="18" type="stmt"/>
        <line num="73" count="11" type="stmt"/>
        <line num="74" count="0" type="stmt"/>
        <line num="75" count="0" type="stmt"/>
        <line num="78" count="11" type="stmt"/>
        <line num="100" count="18" type="stmt"/>
      </file>
    </package>
    <package name="components.layout">
      <metrics statements="10" coveredstatements="0" conditionals="5" coveredconditionals="0" methods="6" coveredmethods="0"/>
      <file name="Footer.jsx" path="/Users/veronika/Documents/6сем/ИТиВП/TechStore/techstore-react/src/components/layout/Footer.jsx">
        <metrics statements="2" coveredstatements="0" conditionals="0" coveredconditionals="0" methods="1" coveredmethods="0"/>
        <line num="8" count="0" type="stmt"/>
        <line num="10" count="0" type="stmt"/>
      </file>
      <file name="Header.jsx" path="/Users/veronika/Documents/6сем/ИТиВП/TechStore/techstore-react/src/components/layout/Header.jsx">
        <metrics statements="8" coveredstatements="0" conditionals="5" coveredconditionals="0" methods="5" coveredmethods="0"/>
        <line num="12" count="0" type="stmt"/>
        <line num="13" count="0" type="stmt"/>
        <line num="16" count="0" type="stmt"/>
        <line num="17" count="0" type="stmt"/>
        <line num="18" count="0" type="cond" truecount="0" falsecount="2"/>
        <line num="21" count="0" type="stmt"/>
        <line num="60" count="0" type="stmt"/>
        <line num="63" count="0" type="stmt"/>
      </file>
    </package>
    <package name="components.ui">
      <metrics statements="18" coveredstatements="18" conditionals="25" coveredconditionals="21" methods="6" coveredmethods="6"/>
      <file name="Badge.jsx" path="/Users/veronika/Documents/6сем/ИТиВП/TechStore/techstore-react/src/components/ui/Badge.jsx">
        <metrics statements="2" coveredstatements="2" conditionals="3" coveredconditionals="2" methods="1" coveredmethods="1"/>
        <line num="11" count="12" type="cond" truecount="2" falsecount="0"/>
        <line num="13" count="7" type="stmt"/>
      </file>
      <file name="Button.jsx" path="/Users/veronika/Documents/6сем/ИТиВП/TechStore/techstore-react/src/components/ui/Button.jsx">
        <metrics statements="10" coveredstatements="10" conditionals="9" coveredconditionals="7" methods="2" coveredmethods="2"/>
        <line num="14" count="29" type="stmt"/>
        <line num="15" count="29" type="stmt"/>
        <line num="16" count="29" type="stmt"/>
        <line num="17" count="29" type="cond" truecount="2" falsecount="0"/>
        <line num="19" count="29" type="stmt"/>
        <line num="24" count="29" type="stmt"/>
        <line num="25" count="2" type="cond" truecount="1" falsecount="1"/>
        <line num="26" count="2" type="stmt"/>
        <line num="27" count="2" type="cond" truecount="1" falsecount="1"/>
        <line num="30" count="29" type="stmt"/>
      </file>
      <file name="Rating.jsx" path="/Users/veronika/Documents/6сем/ИТиВП/TechStore/techstore-react/src/components/ui/Rating.jsx">
        <metrics statements="6" coveredstatements="6" conditionals="13" coveredconditionals="12" methods="3" coveredmethods="3"/>
        <line num="12" count="12" type="stmt"/>
        <line num="13" count="60" type="cond" truecount="2" falsecount="0"/>
        <line num="14" count="20" type="cond" truecount="2" falsecount="0"/>
        <line num="15" count="10" type="stmt"/>
        <line num="18" count="12" type="stmt"/>
        <line num="22" count="60" type="stmt"/>
      </file>
    </package>
    <package name="utils">
      <metrics statements="31" coveredstatements="31" conditionals="39" coveredconditionals="37" methods="10" coveredmethods="10"/>
      <file name="formatters.js" path="/Users/veronika/Documents/6сем/ИТиВП/TechStore/techstore-react/src/utils/formatters.js">
        <metrics statements="31" coveredstatements="31" conditionals="39" coveredconditionals="37" methods="10" coveredmethods="10"/>
        <line num="13" count="8" type="cond" truecount="4" falsecount="0"/>
        <line num="14" count="2" type="stmt"/>
        <line num="16" count="6" type="cond" truecount="2" falsecount="0"/>
        <line num="17" count="1" type="stmt"/>
        <line num="21" count="5" type="cond" truecount="2" falsecount="0"/>
        <line num="23" count="5" type="stmt"/>
        <line num="32" count="8" type="stmt"/>
        <line num="34" count="8" type="cond" truecount="2" falsecount="0"/>
        <line num="36" count="5" type="cond" truecount="2" falsecount="0"/>
        <line num="39" count="4" type="stmt"/>
        <line num="40" count="6" type="cond" truecount="2" falsecount="0"/>
        <line num="41" count="6" type="cond" truecount="1" falsecount="1"/>
        <line num="42" count="6" type="stmt"/>
        <line num="53" count="7" type="cond" truecount="2" falsecount="0"/>
        <line num="54" count="5" type="cond" truecount="4" falsecount="0"/>
        <line num="56" count="3" type="cond" truecount="2" falsecount="0"/>
        <line num="58" count="1" type="stmt"/>
        <line num="73" count="8" type="cond" truecount="2" falsecount="0"/>
        <line num="75" count="6" type="stmt"/>
        <line num="76" count="20" type="cond" truecount="2" falsecount="0"/>
        <line num="77" count="20" type="stmt"/>
        <line num="78" count="20" type="cond" truecount="2" falsecount="0"/>
        <line num="88" count="6" type="stmt"/>
        <line num="89" count="6" type="stmt"/>
        <line num="92" count="3" type="stmt"/>
        <line num="102" count="7" type="cond" truecount="2" falsecount="0"/>
        <line num="103" count="5" type="stmt"/>
        <line num="104" count="5" type="stmt"/>
        <line num="113" count="3" type="cond" truecount="2" falsecount="0"/>
        <line num="114" count="2" type="stmt"/>
        <line num="115" count="2" type="cond" truecount="1" falsecount="1"/>
      </file>
    </package>
  </project>
</coverage>
