{"/Users/veronika/Documents/6сем/ИТиВП/TechStore/techstore-react/src/components/features/PriceFilter.jsx": {"path":"/Users/veronika/Documents/6сем/ИТиВП/TechStore/techstore-react/src/components/features/PriceFilter.jsx","statementMap":{"0":{"start":{"line":22,"column":30},"end":{"line":25,"column":3}},"1":{"start":{"line":23,"column":4},"end":{"line":23,"column":49}},"2":{"start":{"line":24,"column":4},"end":{"line":24,"column":54}},"3":{"start":{"line":24,"column":26},"end":{"line":24,"column":54}},"4":{"start":{"line":27,"column":28},"end":{"line":31,"column":3}},"5":{"start":{"line":28,"column":18},"end":{"line":28,"column":40}},"6":{"start":{"line":29,"column":4},"end":{"line":29,"column":44}},"7":{"start":{"line":30,"column":4},"end":{"line":30,"column":43}},"8":{"start":{"line":30,"column":23},"end":{"line":30,"column":43}},"9":{"start":{"line":33,"column":2},"end":{"line":72,"column":3}},"10":{"start":{"line":42,"column":14},"end":{"line":48,"column":23}},"11":{"start":{"line":45,"column":31},"end":{"line":45,"column":58}}},"fnMap":{"0":{"name":"PriceFilter","decl":{"start":{"line":13,"column":9},"end":{"line":13,"column":20}},"loc":{"start":{"line":20,"column":3},"end":{"line":73,"column":1}},"line":20},"1":{"name":"(anonymous_1)","decl":{"start":{"line":22,"column":30},"end":{"line":22,"column":31}},"loc":{"start":{"line":22,"column":46},"end":{"line":25,"column":3}},"line":22},"2":{"name":"(anonymous_2)","decl":{"start":{"line":27,"column":28},"end":{"line":27,"column":29}},"loc":{"start":{"line":27,"column":35},"end":{"line":31,"column":3}},"line":27},"3":{"name":"(anonymous_3)","decl":{"start":{"line":41,"column":28},"end":{"line":41,"column":29}},"loc":{"start":{"line":42,"column":14},"end":{"line":48,"column":23}},"line":42},"4":{"name":"(anonymous_4)","decl":{"start":{"line":45,"column":25},"end":{"line":45,"column":26}},"loc":{"start":{"line":45,"column":31},"end":{"line":45,"column":58}},"line":45}},"branchMap":{"0":{"loc":{"start":{"line":14,"column":2},"end":{"line":14,"column":17}},"type":"default-arg","locations":[{"start":{"line":14,"column":15},"end":{"line":14,"column":17}}],"line":14},"1":{"loc":{"start":{"line":15,"column":2},"end":{"line":15,"column":24}},"type":"default-arg","locations":[{"start":{"line":15,"column":19},"end":{"line":15,"column":24}}],"line":15},"2":{"loc":{"start":{"line":16,"column":2},"end":{"line":16,"column":17}},"type":"default-arg","locations":[{"start":{"line":16,"column":13},"end":{"line":16,"column":17}}],"line":16},"3":{"loc":{"start":{"line":17,"column":2},"end":{"line":17,"column":19}},"type":"default-arg","locations":[{"start":{"line":17,"column":15},"end":{"line":17,"column":19}}],"line":17},"4":{"loc":{"start":{"line":24,"column":4},"end":{"line":24,"column":54}},"type":"if","locations":[{"start":{"line":24,"column":4},"end":{"line":24,"column":54}},{"start":{},"end":{}}],"line":24},"5":{"loc":{"start":{"line":30,"column":4},"end":{"line":30,"column":43}},"type":"if","locations":[{"start":{"line":30,"column":4},"end":{"line":30,"column":43}},{"start":{},"end":{}}],"line":30},"6":{"loc":{"start":{"line":44,"column":41},"end":{"line":44,"column":94}},"type":"cond-expr","locations":[{"start":{"line":44,"column":69},"end":{"line":44,"column":89}},{"start":{"line":44,"column":92},"end":{"line":44,"column":94}}],"line":44}},"s":{"0":7,"1":1,"2":1,"3":1,"4":7,"5":1,"6":1,"7":1,"8":1,"9":7,"10":21,"11":1},"f":{"0":7,"1":1,"2":1,"3":21,"4":1},"b":{"0":[0],"1":[0],"2":[0],"3":[0],"4":[1,0],"5":[1,0],"6":[7,14]},"_coverageSchema":"1a1c01bbd47fc00a2c39e90264f33305004495a9","hash":"3cf8762664849573e3597abfb0cb666191eaa7d0"}
,"/Users/veronika/Documents/6сем/ИТиВП/TechStore/techstore-react/src/components/features/ProductCard.jsx": {"path":"/Users/veronika/Documents/6сем/ИТиВП/TechStore/techstore-react/src/components/features/ProductCard.jsx","statementMap":{"0":{"start":{"line":15,"column":79},"end":{"line":15,"column":86}},"1":{"start":{"line":18,"column":26},"end":{"line":21,"column":3}},"2":{"start":{"line":19,"column":4},"end":{"line":19,"column":62}},"3":{"start":{"line":20,"column":4},"end":{"line":20,"column":41}},"4":{"start":{"line":20,"column":21},"end":{"line":20,"column":41}},"5":{"start":{"line":24,"column":26},"end":{"line":26,"column":3}},"6":{"start":{"line":25,"column":4},"end":{"line":25,"column":49}},"7":{"start":{"line":28,"column":2},"end":{"line":76,"column":3}}},"fnMap":{"0":{"name":"ProductCard","decl":{"start":{"line":13,"column":9},"end":{"line":13,"column":20}},"loc":{"start":{"line":13,"column":47},"end":{"line":77,"column":1}},"line":13},"1":{"name":"(anonymous_1)","decl":{"start":{"line":18,"column":26},"end":{"line":18,"column":27}},"loc":{"start":{"line":18,"column":32},"end":{"line":21,"column":3}},"line":18},"2":{"name":"(anonymous_2)","decl":{"start":{"line":24,"column":26},"end":{"line":24,"column":27}},"loc":{"start":{"line":24,"column":32},"end":{"line":26,"column":3}},"line":24}},"branchMap":{"0":{"loc":{"start":{"line":20,"column":4},"end":{"line":20,"column":41}},"type":"if","locations":[{"start":{"line":20,"column":4},"end":{"line":20,"column":41}},{"start":{},"end":{}}],"line":20},"1":{"loc":{"start":{"line":42,"column":9},"end":{"line":44,"column":9}},"type":"binary-expr","locations":[{"start":{"line":42,"column":9},"end":{"line":42,"column":17}},{"start":{"line":43,"column":10},"end":{"line":43,"column":73}}],"line":42},"2":{"loc":{"start":{"line":70,"column":13},"end":{"line":70,"column":52}},"type":"cond-expr","locations":[{"start":{"line":70,"column":23},"end":{"line":70,"column":34}},{"start":{"line":70,"column":37},"end":{"line":70,"column":52}}],"line":70}},"s":{"0":12,"1":12,"2":1,"3":1,"4":1,"5":12,"6":2,"7":12},"f":{"0":12,"1":1,"2":2},"b":{"0":[1,0],"1":[12,5],"2":[7,5]},"_coverageSchema":"1a1c01bbd47fc00a2c39e90264f33305004495a9","hash":"e41ee6fa7fc265b9e98325995be0e97243825124"}
,"/Users/veronika/Documents/6сем/ИТиВП/TechStore/techstore-react/src/components/features/ProductGrid.jsx": {"path":"/Users/veronika/Documents/6сем/ИТиВП/TechStore/techstore-react/src/components/features/ProductGrid.jsx","statementMap":{"0":{"start":{"line":16,"column":27},"end":{"line":20,"column":4}},"1":{"start":{"line":17,"column":26},"end":{"line":17,"column":89}},"2":{"start":{"line":18,"column":26},"end":{"line":18,"column":51}},"3":{"start":{"line":19,"column":4},"end":{"line":19,"column":38}},"4":{"start":{"line":22,"column":2},"end":{"line":56,"column":3}},"5":{"start":{"line":39,"column":14},"end":{"line":43,"column":16}}},"fnMap":{"0":{"name":"ProductGrid","decl":{"start":{"line":12,"column":9},"end":{"line":12,"column":20}},"loc":{"start":{"line":12,"column":94},"end":{"line":57,"column":1}},"line":12},"1":{"name":"(anonymous_1)","decl":{"start":{"line":16,"column":43},"end":{"line":16,"column":44}},"loc":{"start":{"line":16,"column":54},"end":{"line":20,"column":3}},"line":16},"2":{"name":"(anonymous_2)","decl":{"start":{"line":36,"column":34},"end":{"line":36,"column":35}},"loc":{"start":{"line":39,"column":14},"end":{"line":43,"column":16}},"line":39}},"branchMap":{"0":{"loc":{"start":{"line":12,"column":23},"end":{"line":12,"column":36}},"type":"default-arg","locations":[{"start":{"line":12,"column":34},"end":{"line":12,"column":36}}],"line":12},"1":{"loc":{"start":{"line":12,"column":38},"end":{"line":12,"column":60}},"type":"default-arg","locations":[{"start":{"line":12,"column":55},"end":{"line":12,"column":60}}],"line":12},"2":{"loc":{"start":{"line":12,"column":62},"end":{"line":12,"column":77}},"type":"default-arg","locations":[{"start":{"line":12,"column":73},"end":{"line":12,"column":77}}],"line":12},"3":{"loc":{"start":{"line":17,"column":26},"end":{"line":17,"column":89}},"type":"binary-expr","locations":[{"start":{"line":17,"column":26},"end":{"line":17,"column":50}},{"start":{"line":17,"column":54},"end":{"line":17,"column":89}}],"line":17},"4":{"loc":{"start":{"line":19,"column":11},"end":{"line":19,"column":38}},"type":"binary-expr","locations":[{"start":{"line":19,"column":11},"end":{"line":19,"column":24}},{"start":{"line":19,"column":28},"end":{"line":19,"column":38}}],"line":19},"5":{"loc":{"start":{"line":33,"column":9},"end":{"line":52,"column":9}},"type":"cond-expr","locations":[{"start":{"line":35,"column":10},"end":{"line":45,"column":16}},{"start":{"line":48,"column":10},"end":{"line":51,"column":16}}],"line":33}},"s":{"0":2,"1":2,"2":2,"3":2,"4":2,"5":2},"f":{"0":2,"1":2,"2":2},"b":{"0":[0],"1":[2],"2":[2],"3":[2,0],"4":[2,2],"5":[1,1]},"_coverageSchema":"1a1c01bbd47fc00a2c39e90264f33305004495a9","hash":"ad70657897511ad1887450ae2221f60447eaee8e"}
,"/Users/veronika/Documents/6сем/ИТиВП/TechStore/techstore-react/src/components/features/ShoppingCart.jsx": {"path":"/Users/veronika/Documents/6сем/ИТиВП/TechStore/techstore-react/src/components/features/ShoppingCart.jsx","statementMap":{"0":{"start":{"line":16,"column":2},"end":{"line":61,"column":3}},"1":{"start":{"line":28,"column":14},"end":{"line":28,"column":61}},"2":{"start":{"line":29,"column":14},"end":{"line":29,"column":65}},"3":{"start":{"line":29,"column":31},"end":{"line":29,"column":65}},"4":{"start":{"line":38,"column":14},"end":{"line":38,"column":61}},"5":{"start":{"line":39,"column":14},"end":{"line":39,"column":65}},"6":{"start":{"line":39,"column":31},"end":{"line":39,"column":65}},"7":{"start":{"line":52,"column":12},"end":{"line":52,"column":56}},"8":{"start":{"line":53,"column":12},"end":{"line":53,"column":43}},"9":{"start":{"line":53,"column":26},"end":{"line":53,"column":43}},"10":{"start":{"line":68,"column":16},"end":{"line":68,"column":75}},"11":{"start":{"line":68,"column":44},"end":{"line":68,"column":71}},"12":{"start":{"line":71,"column":19},"end":{"line":71,"column":65}},"13":{"start":{"line":71,"column":47},"end":{"line":71,"column":61}},"14":{"start":{"line":73,"column":25},"end":{"line":76,"column":3}},"15":{"start":{"line":74,"column":4},"end":{"line":74,"column":80}},"16":{"start":{"line":75,"column":4},"end":{"line":75,"column":58}},"17":{"start":{"line":78,"column":2},"end":{"line":124,"column":3}},"18":{"start":{"line":100,"column":14},"end":{"line":105,"column":16}}},"fnMap":{"0":{"name":"CartItem","decl":{"start":{"line":15,"column":9},"end":{"line":15,"column":17}},"loc":{"start":{"line":15,"column":51},"end":{"line":62,"column":1}},"line":15},"1":{"name":"(anonymous_1)","decl":{"start":{"line":27,"column":21},"end":{"line":27,"column":22}},"loc":{"start":{"line":27,"column":27},"end":{"line":30,"column":13}},"line":27},"2":{"name":"(anonymous_2)","decl":{"start":{"line":37,"column":21},"end":{"line":37,"column":22}},"loc":{"start":{"line":37,"column":27},"end":{"line":40,"column":13}},"line":37},"3":{"name":"(anonymous_3)","decl":{"start":{"line":51,"column":19},"end":{"line":51,"column":20}},"loc":{"start":{"line":51,"column":25},"end":{"line":54,"column":11}},"line":51},"4":{"name":"ShoppingCart","decl":{"start":{"line":65,"column":9},"end":{"line":65,"column":21}},"loc":{"start":{"line":65,"column":86},"end":{"line":125,"column":1}},"line":65},"5":{"name":"(anonymous_5)","decl":{"start":{"line":68,"column":29},"end":{"line":68,"column":30}},"loc":{"start":{"line":68,"column":44},"end":{"line":68,"column":71}},"line":68},"6":{"name":"(anonymous_6)","decl":{"start":{"line":71,"column":32},"end":{"line":71,"column":33}},"loc":{"start":{"line":71,"column":47},"end":{"line":71,"column":61}},"line":71},"7":{"name":"(anonymous_7)","decl":{"start":{"line":73,"column":25},"end":{"line":73,"column":26}},"loc":{"start":{"line":73,"column":31},"end":{"line":76,"column":3}},"line":73},"8":{"name":"(anonymous_8)","decl":{"start":{"line":99,"column":22},"end":{"line":99,"column":23}},"loc":{"start":{"line":100,"column":14},"end":{"line":105,"column":16}},"line":100}},"branchMap":{"0":{"loc":{"start":{"line":29,"column":14},"end":{"line":29,"column":65}},"type":"if","locations":[{"start":{"line":29,"column":14},"end":{"line":29,"column":65}},{"start":{},"end":{}}],"line":29},"1":{"loc":{"start":{"line":39,"column":14},"end":{"line":39,"column":65}},"type":"if","locations":[{"start":{"line":39,"column":14},"end":{"line":39,"column":65}},{"start":{},"end":{}}],"line":39},"2":{"loc":{"start":{"line":53,"column":12},"end":{"line":53,"column":43}},"type":"if","locations":[{"start":{"line":53,"column":12},"end":{"line":53,"column":43}},{"start":{},"end":{}}],"line":53},"3":{"loc":{"start":{"line":65,"column":24},"end":{"line":65,"column":34}},"type":"default-arg","locations":[{"start":{"line":65,"column":32},"end":{"line":65,"column":34}}],"line":65},"4":{"loc":{"start":{"line":65,"column":36},"end":{"line":65,"column":50}},"type":"default-arg","locations":[{"start":{"line":65,"column":45},"end":{"line":65,"column":50}}],"line":65},"5":{"loc":{"start":{"line":81,"column":7},"end":{"line":83,"column":7}},"type":"binary-expr","locations":[{"start":{"line":81,"column":7},"end":{"line":81,"column":13}},{"start":{"line":82,"column":8},"end":{"line":82,"column":58}}],"line":81},"6":{"loc":{"start":{"line":86,"column":40},"end":{"line":86,"column":74}},"type":"cond-expr","locations":[{"start":{"line":86,"column":49},"end":{"line":86,"column":69}},{"start":{"line":86,"column":72},"end":{"line":86,"column":74}}],"line":86},"7":{"loc":{"start":{"line":96,"column":11},"end":{"line":107,"column":11}},"type":"cond-expr","locations":[{"start":{"line":97,"column":12},"end":{"line":97,"column":64}},{"start":{"line":99,"column":12},"end":{"line":106,"column":14}}],"line":96},"8":{"loc":{"start":{"line":110,"column":9},"end":{"line":120,"column":9}},"type":"binary-expr","locations":[{"start":{"line":110,"column":9},"end":{"line":110,"column":25}},{"start":{"line":111,"column":10},"end":{"line":119,"column":16}}],"line":110}},"s":{"0":18,"1":0,"2":0,"3":0,"4":0,"5":0,"6":0,"7":0,"8":0,"9":0,"10":11,"11":18,"12":11,"13":18,"14":11,"15":0,"16":0,"17":11,"18":18},"f":{"0":18,"1":0,"2":0,"3":0,"4":11,"5":18,"6":18,"7":0,"8":18},"b":{"0":[0,0],"1":[0,0],"2":[0,0],"3":[0],"4":[0],"5":[11,9],"6":[9,2],"7":[2,9],"8":[11,9]},"_coverageSchema":"1a1c01bbd47fc00a2c39e90264f33305004495a9","hash":"6d48a59652cf7b8856a262a9eb692999a22bf000"}
,"/Users/veronika/Documents/6сем/ИТиВП/TechStore/techstore-react/src/components/layout/Footer.jsx": {"path":"/Users/veronika/Documents/6сем/ИТиВП/TechStore/techstore-react/src/components/layout/Footer.jsx","statementMap":{"0":{"start":{"line":8,"column":15},"end":{"line":8,"column":39}},"1":{"start":{"line":10,"column":2},"end":{"line":22,"column":3}}},"fnMap":{"0":{"name":"Footer","decl":{"start":{"line":7,"column":9},"end":{"line":7,"column":15}},"loc":{"start":{"line":7,"column":18},"end":{"line":23,"column":1}},"line":7}},"branchMap":{},"s":{"0":0,"1":0},"f":{"0":0},"b":{}}
,"/Users/veronika/Documents/6сем/ИТиВП/TechStore/techstore-react/src/components/layout/Header.jsx": {"path":"/Users/veronika/Documents/6сем/ИТиВП/TechStore/techstore-react/src/components/layout/Header.jsx","statementMap":{"0":{"start":{"line":12,"column":26},"end":{"line":14,"column":3}},"1":{"start":{"line":13,"column":4},"end":{"line":13,"column":77}},"2":{"start":{"line":16,"column":26},"end":{"line":19,"column":3}},"3":{"start":{"line":17,"column":4},"end":{"line":17,"column":49}},"4":{"start":{"line":18,"column":4},"end":{"line":18,"column":32}},"5":{"start":{"line":18,"column":20},"end":{"line":18,"column":32}},"6":{"start":{"line":21,"column":2},"end":{"line":70,"column":3}},"7":{"start":{"line":60,"column":61},"end":{"line":60,"column":83}},"8":{"start":{"line":63,"column":61},"end":{"line":63,"column":83}}},"fnMap":{"0":{"name":"Header","decl":{"start":{"line":10,"column":9},"end":{"line":10,"column":15}},"loc":{"start":{"line":10,"column":47},"end":{"line":71,"column":1}},"line":10},"1":{"name":"(anonymous_1)","decl":{"start":{"line":12,"column":26},"end":{"line":12,"column":27}},"loc":{"start":{"line":12,"column":32},"end":{"line":14,"column":3}},"line":12},"2":{"name":"(anonymous_2)","decl":{"start":{"line":16,"column":26},"end":{"line":16,"column":27}},"loc":{"start":{"line":16,"column":32},"end":{"line":19,"column":3}},"line":16},"3":{"name":"(anonymous_3)","decl":{"start":{"line":60,"column":55},"end":{"line":60,"column":56}},"loc":{"start":{"line":60,"column":61},"end":{"line":60,"column":83}},"line":60},"4":{"name":"(anonymous_4)","decl":{"start":{"line":63,"column":55},"end":{"line":63,"column":56}},"loc":{"start":{"line":63,"column":61},"end":{"line":63,"column":83}},"line":63}},"branchMap":{"0":{"loc":{"start":{"line":10,"column":18},"end":{"line":10,"column":31}},"type":"default-arg","locations":[{"start":{"line":10,"column":30},"end":{"line":10,"column":31}}],"line":10},"1":{"loc":{"start":{"line":18,"column":4},"end":{"line":18,"column":32}},"type":"if","locations":[{"start":{"line":18,"column":4},"end":{"line":18,"column":32}},{"start":{},"end":{}}],"line":18},"2":{"loc":{"start":{"line":55,"column":13},"end":{"line":57,"column":13}},"type":"binary-expr","locations":[{"start":{"line":55,"column":13},"end":{"line":55,"column":26}},{"start":{"line":56,"column":14},"end":{"line":56,"column":69}}],"line":55}},"s":{"0":0,"1":0,"2":0,"3":0,"4":0,"5":0,"6":0,"7":0,"8":0},"f":{"0":0,"1":0,"2":0,"3":0,"4":0},"b":{"0":[0],"1":[0,0],"2":[0,0]}}
,"/Users/veronika/Documents/6сем/ИТиВП/TechStore/techstore-react/src/components/ui/Badge.jsx": {"path":"/Users/veronika/Documents/6сем/ИТиВП/TechStore/techstore-react/src/components/ui/Badge.jsx","statementMap":{"0":{"start":{"line":11,"column":2},"end":{"line":11,"column":24}},"1":{"start":{"line":11,"column":13},"end":{"line":11,"column":24}},"2":{"start":{"line":13,"column":2},"end":{"line":17,"column":3}}},"fnMap":{"0":{"name":"Badge","decl":{"start":{"line":9,"column":9},"end":{"line":9,"column":14}},"loc":{"start":{"line":9,"column":41},"end":{"line":18,"column":1}},"line":9}},"branchMap":{"0":{"loc":{"start":{"line":9,"column":23},"end":{"line":9,"column":37}},"type":"default-arg","locations":[{"start":{"line":9,"column":31},"end":{"line":9,"column":37}}],"line":9},"1":{"loc":{"start":{"line":11,"column":2},"end":{"line":11,"column":24}},"type":"if","locations":[{"start":{"line":11,"column":2},"end":{"line":11,"column":24}},{"start":{},"end":{}}],"line":11}},"s":{"0":12,"1":5,"2":7},"f":{"0":12},"b":{"0":[0],"1":[5,7]},"_coverageSchema":"1a1c01bbd47fc00a2c39e90264f33305004495a9","hash":"ffd6ae31e4eb194f3acd6209be3a962e73043f1a"}
,"/Users/veronika/Documents/6сем/ИТиВП/TechStore/techstore-react/src/components/ui/Button.jsx": {"path":"/Users/veronika/Documents/6сем/ИТиВП/TechStore/techstore-react/src/components/ui/Button.jsx","statementMap":{"0":{"start":{"line":14,"column":20},"end":{"line":14,"column":25}},"1":{"start":{"line":15,"column":23},"end":{"line":15,"column":40}},"2":{"start":{"line":16,"column":20},"end":{"line":16,"column":34}},"3":{"start":{"line":17,"column":24},"end":{"line":17,"column":55}},"4":{"start":{"line":19,"column":20},"end":{"line":21,"column":14}},"5":{"start":{"line":24,"column":22},"end":{"line":28,"column":3}},"6":{"start":{"line":25,"column":4},"end":{"line":25,"column":24}},"7":{"start":{"line":25,"column":18},"end":{"line":25,"column":24}},"8":{"start":{"line":26,"column":4},"end":{"line":26,"column":44}},"9":{"start":{"line":27,"column":4},"end":{"line":27,"column":26}},"10":{"start":{"line":27,"column":17},"end":{"line":27,"column":26}},"11":{"start":{"line":30,"column":2},"end":{"line":39,"column":3}}},"fnMap":{"0":{"name":"Button","decl":{"start":{"line":12,"column":9},"end":{"line":12,"column":15}},"loc":{"start":{"line":12,"column":91},"end":{"line":40,"column":1}},"line":12},"1":{"name":"(anonymous_1)","decl":{"start":{"line":24,"column":22},"end":{"line":24,"column":23}},"loc":{"start":{"line":24,"column":28},"end":{"line":28,"column":3}},"line":24}},"branchMap":{"0":{"loc":{"start":{"line":12,"column":28},"end":{"line":12,"column":47}},"type":"default-arg","locations":[{"start":{"line":12,"column":38},"end":{"line":12,"column":47}}],"line":12},"1":{"loc":{"start":{"line":12,"column":49},"end":{"line":12,"column":60}},"type":"default-arg","locations":[{"start":{"line":12,"column":56},"end":{"line":12,"column":60}}],"line":12},"2":{"loc":{"start":{"line":12,"column":62},"end":{"line":12,"column":78}},"type":"default-arg","locations":[{"start":{"line":12,"column":73},"end":{"line":12,"column":78}}],"line":12},"3":{"loc":{"start":{"line":17,"column":24},"end":{"line":17,"column":55}},"type":"cond-expr","locations":[{"start":{"line":17,"column":35},"end":{"line":17,"column":50}},{"start":{"line":17,"column":53},"end":{"line":17,"column":55}}],"line":17},"4":{"loc":{"start":{"line":25,"column":4},"end":{"line":25,"column":24}},"type":"if","locations":[{"start":{"line":25,"column":4},"end":{"line":25,"column":24}},{"start":{},"end":{}}],"line":25},"5":{"loc":{"start":{"line":27,"column":4},"end":{"line":27,"column":26}},"type":"if","locations":[{"start":{"line":27,"column":4},"end":{"line":27,"column":26}},{"start":{},"end":{}}],"line":27}},"s":{"0":29,"1":29,"2":29,"3":29,"4":29,"5":29,"6":2,"7":0,"8":2,"9":2,"10":2,"11":29},"f":{"0":29,"1":2},"b":{"0":[7],"1":[7],"2":[15],"3":[7,22],"4":[0,2],"5":[2,0]},"_coverageSchema":"1a1c01bbd47fc00a2c39e90264f33305004495a9","hash":"ba32d800f150f8e09e0f0b0e2a0f45d9c8409cce"}
,"/Users/veronika/Documents/6сем/ИТиВП/TechStore/techstore-react/src/components/ui/Rating.jsx": {"path":"/Users/veronika/Documents/6сем/ИТиВП/TechStore/techstore-react/src/components/ui/Rating.jsx","statementMap":{"0":{"start":{"line":12,"column":16},"end":{"line":16,"column":4}},"1":{"start":{"line":13,"column":4},"end":{"line":13,"column":48}},"2":{"start":{"line":13,"column":35},"end":{"line":13,"column":48}},"3":{"start":{"line":14,"column":4},"end":{"line":14,"column":36}},"4":{"start":{"line":14,"column":23},"end":{"line":14,"column":36}},"5":{"start":{"line":15,"column":4},"end":{"line":15,"column":18}},"6":{"start":{"line":18,"column":2},"end":{"line":32,"column":3}},"7":{"start":{"line":22,"column":10},"end":{"line":24,"column":17}}},"fnMap":{"0":{"name":"Rating","decl":{"start":{"line":10,"column":9},"end":{"line":10,"column":15}},"loc":{"start":{"line":10,"column":57},"end":{"line":33,"column":1}},"line":10},"1":{"name":"(anonymous_1)","decl":{"start":{"line":12,"column":42},"end":{"line":12,"column":43}},"loc":{"start":{"line":12,"column":56},"end":{"line":16,"column":3}},"line":12},"2":{"name":"(anonymous_2)","decl":{"start":{"line":21,"column":19},"end":{"line":21,"column":20}},"loc":{"start":{"line":22,"column":10},"end":{"line":24,"column":17}},"line":22}},"branchMap":{"0":{"loc":{"start":{"line":10,"column":18},"end":{"line":10,"column":27}},"type":"default-arg","locations":[{"start":{"line":10,"column":26},"end":{"line":10,"column":27}}],"line":10},"1":{"loc":{"start":{"line":10,"column":29},"end":{"line":10,"column":40}},"type":"default-arg","locations":[{"start":{"line":10,"column":39},"end":{"line":10,"column":40}}],"line":10},"2":{"loc":{"start":{"line":10,"column":42},"end":{"line":10,"column":53}},"type":"default-arg","locations":[{"start":{"line":10,"column":49},"end":{"line":10,"column":53}}],"line":10},"3":{"loc":{"start":{"line":13,"column":4},"end":{"line":13,"column":48}},"type":"if","locations":[{"start":{"line":13,"column":4},"end":{"line":13,"column":48}},{"start":{},"end":{}}],"line":13},"4":{"loc":{"start":{"line":14,"column":4},"end":{"line":14,"column":36}},"type":"if","locations":[{"start":{"line":14,"column":4},"end":{"line":14,"column":36}},{"start":{},"end":{}}],"line":14},"5":{"loc":{"start":{"line":23,"column":13},"end":{"line":23,"column":64}},"type":"cond-expr","locations":[{"start":{"line":23,"column":31},"end":{"line":23,"column":34}},{"start":{"line":23,"column":37},"end":{"line":23,"column":64}}],"line":23},"6":{"loc":{"start":{"line":23,"column":37},"end":{"line":23,"column":64}},"type":"cond-expr","locations":[{"start":{"line":23,"column":55},"end":{"line":23,"column":58}},{"start":{"line":23,"column":61},"end":{"line":23,"column":64}}],"line":23},"7":{"loc":{"start":{"line":28,"column":7},"end":{"line":30,"column":7}},"type":"binary-expr","locations":[{"start":{"line":28,"column":7},"end":{"line":28,"column":18}},{"start":{"line":29,"column":8},"end":{"line":29,"column":68}}],"line":28}},"s":{"0":12,"1":60,"2":40,"3":20,"4":10,"5":10,"6":12,"7":60},"f":{"0":12,"1":60,"2":60},"b":{"0":[2],"1":[2],"2":[0],"3":[40,20],"4":[10,10],"5":[40,20],"6":[10,10],"7":[12,10]},"_coverageSchema":"1a1c01bbd47fc00a2c39e90264f33305004495a9","hash":"3993adc7812b12e07010988e8ca435d7835a0bed"}
,"/Users/veronika/Documents/6сем/ИТиВП/TechStore/techstore-react/src/utils/formatters.js": {"path":"/Users/veronika/Documents/6сем/ИТиВП/TechStore/techstore-react/src/utils/formatters.js","statementMap":{"0":{"start":{"line":13,"column":2},"end":{"line":15,"column":3}},"1":{"start":{"line":14,"column":4},"end":{"line":14,"column":26}},"2":{"start":{"line":16,"column":2},"end":{"line":18,"column":3}},"3":{"start":{"line":17,"column":4},"end":{"line":17,"column":26}},"4":{"start":{"line":21,"column":20},"end":{"line":23,"column":22}},"5":{"start":{"line":25,"column":2},"end":{"line":25,"column":34}},"6":{"start":{"line":35,"column":2},"end":{"line":35,"column":37}},"7":{"start":{"line":35,"column":29},"end":{"line":35,"column":37}},"8":{"start":{"line":37,"column":2},"end":{"line":37,"column":34}},"9":{"start":{"line":37,"column":26},"end":{"line":37,"column":34}},"10":{"start":{"line":40,"column":2},"end":{"line":44,"column":7}},"11":{"start":{"line":41,"column":18},"end":{"line":41,"column":65}},"12":{"start":{"line":42,"column":18},"end":{"line":42,"column":65}},"13":{"start":{"line":43,"column":4},"end":{"line":43,"column":28}},"14":{"start":{"line":54,"column":2},"end":{"line":54,"column":41}},"15":{"start":{"line":54,"column":32},"end":{"line":54,"column":41}},"16":{"start":{"line":55,"column":2},"end":{"line":55,"column":66}},"17":{"start":{"line":55,"column":55},"end":{"line":55,"column":66}},"18":{"start":{"line":57,"column":2},"end":{"line":57,"column":43}},"19":{"start":{"line":57,"column":32},"end":{"line":57,"column":43}},"20":{"start":{"line":59,"column":2},"end":{"line":59,"column":41}},"21":{"start":{"line":70,"column":2},"end":{"line":70,"column":41}},"22":{"start":{"line":70,"column":32},"end":{"line":70,"column":41}},"23":{"start":{"line":72,"column":2},"end":{"line":76,"column":4}},"24":{"start":{"line":73,"column":26},"end":{"line":73,"column":77}},"25":{"start":{"line":74,"column":26},"end":{"line":74,"column":51}},"26":{"start":{"line":75,"column":4},"end":{"line":75,"column":38}},"27":{"start":{"line":85,"column":2},"end":{"line":90,"column":3}},"28":{"start":{"line":86,"column":4},"end":{"line":86,"column":33}},"29":{"start":{"line":89,"column":4},"end":{"line":89,"column":15}},"30":{"start":{"line":99,"column":2},"end":{"line":99,"column":45}},"31":{"start":{"line":99,"column":33},"end":{"line":99,"column":45}},"32":{"start":{"line":100,"column":16},"end":{"line":100,"column":44}},"33":{"start":{"line":101,"column":2},"end":{"line":101,"column":26}},"34":{"start":{"line":110,"column":2},"end":{"line":110,"column":37}},"35":{"start":{"line":110,"column":29},"end":{"line":110,"column":37}},"36":{"start":{"line":111,"column":2},"end":{"line":113,"column":7}},"37":{"start":{"line":112,"column":4},"end":{"line":112,"column":62}}},"fnMap":{"0":{"name":"formatCurrency","decl":{"start":{"line":11,"column":16},"end":{"line":11,"column":30}},"loc":{"start":{"line":11,"column":54},"end":{"line":26,"column":1}},"line":11},"1":{"name":"calculateTotal","decl":{"start":{"line":33,"column":16},"end":{"line":33,"column":30}},"loc":{"start":{"line":33,"column":38},"end":{"line":45,"column":1}},"line":33},"2":{"name":"(anonymous_2)","decl":{"start":{"line":40,"column":22},"end":{"line":40,"column":23}},"loc":{"start":{"line":40,"column":37},"end":{"line":44,"column":3}},"line":40},"3":{"name":"truncateText","decl":{"start":{"line":53,"column":16},"end":{"line":53,"column":28}},"loc":{"start":{"line":53,"column":46},"end":{"line":60,"column":1}},"line":53},"4":{"name":"filterProducts","decl":{"start":{"line":69,"column":16},"end":{"line":69,"column":30}},"loc":{"start":{"line":69,"column":80},"end":{"line":77,"column":1}},"line":69},"5":{"name":"(anonymous_5)","decl":{"start":{"line":72,"column":25},"end":{"line":72,"column":26}},"loc":{"start":{"line":72,"column":36},"end":{"line":76,"column":3}},"line":72},"6":{"name":"parseJSON","decl":{"start":{"line":84,"column":16},"end":{"line":84,"column":25}},"loc":{"start":{"line":84,"column":38},"end":{"line":91,"column":1}},"line":84},"7":{"name":"validateEmail","decl":{"start":{"line":98,"column":16},"end":{"line":98,"column":29}},"loc":{"start":{"line":98,"column":37},"end":{"line":102,"column":1}},"line":98},"8":{"name":"calculateItemCount","decl":{"start":{"line":109,"column":16},"end":{"line":109,"column":34}},"loc":{"start":{"line":109,"column":42},"end":{"line":114,"column":1}},"line":109},"9":{"name":"(anonymous_9)","decl":{"start":{"line":111,"column":22},"end":{"line":111,"column":23}},"loc":{"start":{"line":111,"column":37},"end":{"line":113,"column":3}},"line":111}},"branchMap":{"0":{"loc":{"start":{"line":11,"column":38},"end":{"line":11,"column":52}},"type":"default-arg","locations":[{"start":{"line":11,"column":49},"end":{"line":11,"column":52}}],"line":11},"1":{"loc":{"start":{"line":13,"column":2},"end":{"line":15,"column":3}},"type":"if","locations":[{"start":{"line":13,"column":2},"end":{"line":15,"column":3}},{"start":{},"end":{}}],"line":13},"2":{"loc":{"start":{"line":13,"column":6},"end":{"line":13,"column":47}},"type":"binary-expr","locations":[{"start":{"line":13,"column":6},"end":{"line":13,"column":31}},{"start":{"line":13,"column":35},"end":{"line":13,"column":47}}],"line":13},"3":{"loc":{"start":{"line":16,"column":2},"end":{"line":18,"column":3}},"type":"if","locations":[{"start":{"line":16,"column":2},"end":{"line":18,"column":3}},{"start":{},"end":{}}],"line":16},"4":{"loc":{"start":{"line":21,"column":20},"end":{"line":23,"column":22}},"type":"cond-expr","locations":[{"start":{"line":22,"column":6},"end":{"line":22,"column":22}},{"start":{"line":23,"column":6},"end":{"line":23,"column":22}}],"line":21},"5":{"loc":{"start":{"line":35,"column":2},"end":{"line":35,"column":37}},"type":"if","locations":[{"start":{"line":35,"column":2},"end":{"line":35,"column":37}},{"start":{},"end":{}}],"line":35},"6":{"loc":{"start":{"line":37,"column":2},"end":{"line":37,"column":34}},"type":"if","locations":[{"start":{"line":37,"column":2},"end":{"line":37,"column":34}},{"start":{},"end":{}}],"line":37},"7":{"loc":{"start":{"line":41,"column":18},"end":{"line":41,"column":65}},"type":"cond-expr","locations":[{"start":{"line":41,"column":51},"end":{"line":41,"column":61}},{"start":{"line":41,"column":64},"end":{"line":41,"column":65}}],"line":41},"8":{"loc":{"start":{"line":42,"column":18},"end":{"line":42,"column":65}},"type":"cond-expr","locations":[{"start":{"line":42,"column":51},"end":{"line":42,"column":59}},{"start":{"line":42,"column":64},"end":{"line":42,"column":65}}],"line":42},"9":{"loc":{"start":{"line":54,"column":2},"end":{"line":54,"column":41}},"type":"if","locations":[{"start":{"line":54,"column":2},"end":{"line":54,"column":41}},{"start":{},"end":{}}],"line":54},"10":{"loc":{"start":{"line":55,"column":2},"end":{"line":55,"column":66}},"type":"if","locations":[{"start":{"line":55,"column":2},"end":{"line":55,"column":66}},{"start":{},"end":{}}],"line":55},"11":{"loc":{"start":{"line":55,"column":6},"end":{"line":55,"column":53}},"type":"binary-expr","locations":[{"start":{"line":55,"column":6},"end":{"line":55,"column":35}},{"start":{"line":55,"column":39},"end":{"line":55,"column":53}}],"line":55},"12":{"loc":{"start":{"line":57,"column":2},"end":{"line":57,"column":43}},"type":"if","locations":[{"start":{"line":57,"column":2},"end":{"line":57,"column":43}},{"start":{},"end":{}}],"line":57},"13":{"loc":{"start":{"line":69,"column":41},"end":{"line":69,"column":57}},"type":"default-arg","locations":[{"start":{"line":69,"column":52},"end":{"line":69,"column":57}}],"line":69},"14":{"loc":{"start":{"line":69,"column":59},"end":{"line":69,"column":78}},"type":"default-arg","locations":[{"start":{"line":69,"column":70},"end":{"line":69,"column":78}}],"line":69},"15":{"loc":{"start":{"line":70,"column":2},"end":{"line":70,"column":41}},"type":"if","locations":[{"start":{"line":70,"column":2},"end":{"line":70,"column":41}},{"start":{},"end":{}}],"line":70},"16":{"loc":{"start":{"line":73,"column":26},"end":{"line":73,"column":77}},"type":"binary-expr","locations":[{"start":{"line":73,"column":26},"end":{"line":73,"column":44}},{"start":{"line":73,"column":48},"end":{"line":73,"column":77}}],"line":73},"17":{"loc":{"start":{"line":75,"column":11},"end":{"line":75,"column":38}},"type":"binary-expr","locations":[{"start":{"line":75,"column":11},"end":{"line":75,"column":24}},{"start":{"line":75,"column":28},"end":{"line":75,"column":38}}],"line":75},"18":{"loc":{"start":{"line":99,"column":2},"end":{"line":99,"column":45}},"type":"if","locations":[{"start":{"line":99,"column":2},"end":{"line":99,"column":45}},{"start":{},"end":{}}],"line":99},"19":{"loc":{"start":{"line":110,"column":2},"end":{"line":110,"column":37}},"type":"if","locations":[{"start":{"line":110,"column":2},"end":{"line":110,"column":37}},{"start":{},"end":{}}],"line":110},"20":{"loc":{"start":{"line":112,"column":18},"end":{"line":112,"column":61}},"type":"cond-expr","locations":[{"start":{"line":112,"column":49},"end":{"line":112,"column":57}},{"start":{"line":112,"column":60},"end":{"line":112,"column":61}}],"line":112}},"s":{"0":8,"1":2,"2":6,"3":1,"4":5,"5":5,"6":8,"7":3,"8":5,"9":1,"10":4,"11":6,"12":6,"13":6,"14":7,"15":2,"16":5,"17":2,"18":3,"19":2,"20":1,"21":8,"22":2,"23":6,"24":20,"25":20,"26":20,"27":6,"28":6,"29":3,"30":7,"31":2,"32":5,"33":5,"34":3,"35":1,"36":2,"37":2},"f":{"0":8,"1":8,"2":6,"3":7,"4":8,"5":20,"6":6,"7":7,"8":3,"9":2},"b":{"0":[6],"1":[2,6],"2":[8,7],"3":[1,5],"4":[4,1],"5":[3,5],"6":[1,4],"7":[5,1],"8":[6,0],"9":[2,5],"10":[2,3],"11":[5,5],"12":[2,1],"13":[3],"14":[3],"15":[2,6],"16":[20,12],"17":[20,12],"18":[2,5],"19":[1,2],"20":[2,0]},"_coverageSchema":"1a1c01bbd47fc00a2c39e90264f33305004495a9","hash":"f5b3335e2e21cbead68eb167150c5c6c5f16d947"}
}
