TN:
SF:src/components/features/PriceFilter.jsx
FN:13,PriceFilter
FN:22,(anonymous_1)
FN:27,(anonymous_2)
FN:41,(anonymous_3)
FN:45,(anonymous_4)
FNF:5
FNH:5
FNDA:7,PriceFilter
FNDA:1,(anonymous_1)
FNDA:1,(anonymous_2)
FNDA:21,(anonymous_3)
FNDA:1,(anonymous_4)
DA:22,7
DA:23,1
DA:24,1
DA:27,7
DA:28,1
DA:29,1
DA:30,1
DA:33,7
DA:42,21
DA:45,1
LF:10
LH:10
BRDA:14,0,0,0
BRDA:15,1,0,0
BRDA:16,2,0,0
BRDA:17,3,0,0
BRDA:24,4,0,1
BRDA:24,4,1,0
BRDA:30,5,0,1
BRDA:30,5,1,0
BRDA:44,6,0,7
BRDA:44,6,1,14
BRF:10
BRH:4
end_of_record
TN:
SF:src/components/features/ProductCard.jsx
FN:13,ProductCard
FN:18,(anonymous_1)
FN:24,(anonymous_2)
FNF:3
FNH:3
FNDA:12,ProductCard
FNDA:1,(anonymous_1)
FNDA:2,(anonymous_2)
DA:15,12
DA:18,12
DA:19,1
DA:20,1
DA:24,12
DA:25,2
DA:28,12
LF:7
LH:7
BRDA:20,0,0,1
BRDA:20,0,1,0
BRDA:42,1,0,12
BRDA:42,1,1,5
BRDA:70,2,0,7
BRDA:70,2,1,5
BRF:6
BRH:5
end_of_record
TN:
SF:src/components/features/ProductGrid.jsx
FN:12,ProductGrid
FN:16,(anonymous_1)
FN:36,(anonymous_2)
FNF:3
FNH:3
FNDA:2,ProductGrid
FNDA:2,(anonymous_1)
FNDA:2,(anonymous_2)
DA:16,2
DA:17,2
DA:18,2
DA:19,2
DA:22,2
DA:39,2
LF:6
LH:6
BRDA:12,0,0,0
BRDA:12,1,0,2
BRDA:12,2,0,2
BRDA:17,3,0,2
BRDA:17,3,1,0
BRDA:19,4,0,2
BRDA:19,4,1,2
BRDA:33,5,0,1
BRDA:33,5,1,1
BRF:9
BRH:7
end_of_record
TN:
SF:src/components/features/ShoppingCart.jsx
FN:15,CartItem
FN:27,(anonymous_1)
FN:37,(anonymous_2)
FN:51,(anonymous_3)
FN:65,ShoppingCart
FN:68,(anonymous_5)
FN:71,(anonymous_6)
FN:73,(anonymous_7)
FN:99,(anonymous_8)
FNF:9
FNH:5
FNDA:18,CartItem
FNDA:0,(anonymous_1)
FNDA:0,(anonymous_2)
FNDA:0,(anonymous_3)
FNDA:11,ShoppingCart
FNDA:18,(anonymous_5)
FNDA:18,(anonymous_6)
FNDA:0,(anonymous_7)
FNDA:18,(anonymous_8)
DA:16,18
DA:28,0
DA:29,0
DA:38,0
DA:39,0
DA:52,0
DA:53,0
DA:68,18
DA:71,18
DA:73,11
DA:74,0
DA:75,0
DA:78,11
DA:100,18
LF:14
LH:6
BRDA:29,0,0,0
BRDA:29,0,1,0
BRDA:39,1,0,0
BRDA:39,1,1,0
BRDA:53,2,0,0
BRDA:53,2,1,0
BRDA:65,3,0,0
BRDA:65,4,0,0
BRDA:81,5,0,11
BRDA:81,5,1,9
BRDA:86,6,0,9
BRDA:86,6,1,2
BRDA:96,7,0,2
BRDA:96,7,1,9
BRDA:110,8,0,11
BRDA:110,8,1,9
BRF:16
BRH:8
end_of_record
TN:
SF:src/components/layout/Footer.jsx
FN:7,Footer
FNF:1
FNH:0
FNDA:0,Footer
DA:8,0
DA:10,0
LF:2
LH:0
BRF:0
BRH:0
end_of_record
TN:
SF:src/components/layout/Header.jsx
FN:10,Header
FN:12,(anonymous_1)
FN:16,(anonymous_2)
FN:60,(anonymous_3)
FN:63,(anonymous_4)
FNF:5
FNH:0
FNDA:0,Header
FNDA:0,(anonymous_1)
FNDA:0,(anonymous_2)
FNDA:0,(anonymous_3)
FNDA:0,(anonymous_4)
DA:12,0
DA:13,0
DA:16,0
DA:17,0
DA:18,0
DA:21,0
DA:60,0
DA:63,0
LF:8
LH:0
BRDA:10,0,0,0
BRDA:18,1,0,0
BRDA:18,1,1,0
BRDA:55,2,0,0
BRDA:55,2,1,0
BRF:5
BRH:0
end_of_record
TN:
SF:src/components/ui/Badge.jsx
FN:9,Badge
FNF:1
FNH:1
FNDA:12,Badge
DA:11,12
DA:13,7
LF:2
LH:2
BRDA:9,0,0,0
BRDA:11,1,0,5
BRDA:11,1,1,7
BRF:3
BRH:2
end_of_record
TN:
SF:src/components/ui/Button.jsx
FN:12,Button
FN:24,(anonymous_1)
FNF:2
FNH:2
FNDA:29,Button
FNDA:2,(anonymous_1)
DA:14,29
DA:15,29
DA:16,29
DA:17,29
DA:19,29
DA:24,29
DA:25,2
DA:26,2
DA:27,2
DA:30,29
LF:10
LH:10
BRDA:12,0,0,7
BRDA:12,1,0,7
BRDA:12,2,0,15
BRDA:17,3,0,7
BRDA:17,3,1,22
BRDA:25,4,0,0
BRDA:25,4,1,2
BRDA:27,5,0,2
BRDA:27,5,1,0
BRF:9
BRH:7
end_of_record
TN:
SF:src/components/ui/Rating.jsx
FN:10,Rating
FN:12,(anonymous_1)
FN:21,(anonymous_2)
FNF:3
FNH:3
FNDA:12,Rating
FNDA:60,(anonymous_1)
FNDA:60,(anonymous_2)
DA:12,12
DA:13,60
DA:14,20
DA:15,10
DA:18,12
DA:22,60
LF:6
LH:6
BRDA:10,0,0,2
BRDA:10,1,0,2
BRDA:10,2,0,0
BRDA:13,3,0,40
BRDA:13,3,1,20
BRDA:14,4,0,10
BRDA:14,4,1,10
BRDA:23,5,0,40
BRDA:23,5,1,20
BRDA:23,6,0,10
BRDA:23,6,1,10
BRDA:28,7,0,12
BRDA:28,7,1,10
BRF:13
BRH:12
end_of_record
TN:
SF:src/utils/formatters.js
FN:11,formatCurrency
FN:31,calculateTotal
FN:39,(anonymous_2)
FN:52,truncateText
FN:68,filterProducts
FN:75,(anonymous_5)
FN:87,parseJSON
FN:101,validateEmail
FN:112,calculateItemCount
FN:114,(anonymous_9)
FNF:10
FNH:10
FNDA:8,formatCurrency
FNDA:8,calculateTotal
FNDA:6,(anonymous_2)
FNDA:7,truncateText
FNDA:8,filterProducts
FNDA:20,(anonymous_5)
FNDA:6,parseJSON
FNDA:7,validateEmail
FNDA:3,calculateItemCount
FNDA:2,(anonymous_9)
DA:13,8
DA:14,2
DA:16,6
DA:17,1
DA:21,5
DA:23,5
DA:32,8
DA:34,8
DA:36,5
DA:39,4
DA:40,6
DA:41,6
DA:42,6
DA:53,7
DA:54,5
DA:56,3
DA:58,1
DA:73,8
DA:75,6
DA:76,20
DA:77,20
DA:78,20
DA:88,6
DA:89,6
DA:92,3
DA:102,7
DA:103,5
DA:104,5
DA:113,3
DA:114,2
DA:115,2
LF:31
LH:31
BRDA:11,0,0,6
BRDA:13,1,0,2
BRDA:13,1,1,6
BRDA:13,2,0,8
BRDA:13,2,1,7
BRDA:16,3,0,1
BRDA:16,3,1,5
BRDA:21,4,0,4
BRDA:21,4,1,1
BRDA:34,5,0,3
BRDA:34,5,1,5
BRDA:36,6,0,1
BRDA:36,6,1,4
BRDA:40,7,0,5
BRDA:40,7,1,1
BRDA:41,8,0,6
BRDA:41,8,1,0
BRDA:53,9,0,2
BRDA:53,9,1,5
BRDA:54,10,0,2
BRDA:54,10,1,3
BRDA:54,11,0,5
BRDA:54,11,1,5
BRDA:56,12,0,2
BRDA:56,12,1,1
BRDA:70,13,0,3
BRDA:71,14,0,3
BRDA:73,15,0,2
BRDA:73,15,1,6
BRDA:76,16,0,20
BRDA:76,16,1,12
BRDA:78,17,0,20
BRDA:78,17,1,12
BRDA:102,18,0,2
BRDA:102,18,1,5
BRDA:113,19,0,1
BRDA:113,19,1,2
BRDA:115,20,0,2
BRDA:115,20,1,0
BRF:39
BRH:37
end_of_record
